2014-10-14 00:18:53 INFO  PropertyMessageResources       - Initializing, config='org.apache.struts.util.LocalStrings', returnNull=true
2014-10-14 00:18:53 INFO  PropertyMessageResources       - Initializing, config='org.apache.struts.action.ActionResources', returnNull=true
2014-10-14 00:18:53 INFO  PropertyMessageResources       - Initializing, config='resources.application', returnNull=true
2014-10-14 00:18:53 INFO  ValidatorPlugIn                - Loading validation rules file from '/WEB-INF/validator-rules.xml'
2014-10-14 00:18:53 ERROR ValidatorPlugIn                - Skipping validation rules file from '/WEB-INF/validator-rules.xml'.  No stream could be opened.
2014-10-14 00:18:53 INFO  ValidatorPlugIn                - Loading validation rules file from '/WEB-INF/validation.xml'
2014-10-14 00:18:53 ERROR ValidatorPlugIn                - Skipping validation rules file from '/WEB-INF/validation.xml'.  No stream could be opened.
2014-10-14 00:22:53 INFO  PropertyMessageResources       - Initializing, config='org.apache.struts.util.LocalStrings', returnNull=true
2014-10-14 00:22:53 INFO  PropertyMessageResources       - Initializing, config='org.apache.struts.action.ActionResources', returnNull=true
2014-10-14 00:22:53 INFO  PropertyMessageResources       - Initializing, config='resources.application', returnNull=true
2014-10-14 00:22:53 INFO  ValidatorPlugIn                - Loading validation rules file from '/WEB-INF/validator-rules.xml'
2014-10-14 00:22:53 ERROR ValidatorPlugIn                - Skipping validation rules file from '/WEB-INF/validator-rules.xml'.  No stream could be opened.
2014-10-14 00:22:53 INFO  ValidatorPlugIn                - Loading validation rules file from '/WEB-INF/validation.xml'
2014-10-14 00:22:53 ERROR ValidatorPlugIn                - Skipping validation rules file from '/WEB-INF/validation.xml'.  No stream could be opened.
2014-10-14 00:23:42 INFO  PropertyMessageResources       - Initializing, config='org.apache.struts.util.LocalStrings', returnNull=true
2014-10-14 00:23:42 INFO  PropertyMessageResources       - Initializing, config='org.apache.struts.action.ActionResources', returnNull=true
2014-10-14 00:23:42 INFO  PropertyMessageResources       - Initializing, config='resources.application', returnNull=true
2014-10-14 00:23:42 INFO  ValidatorPlugIn                - Loading validation rules file from '/WEB-INF/validator-rules.xml'
2014-10-14 00:23:42 ERROR ValidatorPlugIn                - Skipping validation rules file from '/WEB-INF/validator-rules.xml'.  No stream could be opened.
2014-10-14 00:23:42 INFO  ValidatorPlugIn                - Loading validation rules file from '/WEB-INF/validation.xml'
2014-10-14 00:23:42 ERROR ValidatorPlugIn                - Skipping validation rules file from '/WEB-INF/validation.xml'.  No stream could be opened.
2014-10-14 00:25:27 INFO  PropertyMessageResources       - Initializing, config='org.apache.struts.util.LocalStrings', returnNull=true
2014-10-14 00:25:27 INFO  PropertyMessageResources       - Initializing, config='org.apache.struts.action.ActionResources', returnNull=true
2014-10-14 00:25:27 INFO  PropertyMessageResources       - Initializing, config='resources.application', returnNull=true
2014-10-14 00:25:27 INFO  ValidatorPlugIn                - Loading validation rules file from '/WEB-INF/validator-rules.xml'
2014-10-14 00:25:27 ERROR ValidatorPlugIn                - Skipping validation rules file from '/WEB-INF/validator-rules.xml'.  No stream could be opened.
2014-10-14 00:25:27 INFO  ValidatorPlugIn                - Loading validation rules file from '/WEB-INF/validation.xml'
2014-10-14 00:25:27 ERROR ValidatorPlugIn                - Skipping validation rules file from '/WEB-INF/validation.xml'.  No stream could be opened.
2014-10-14 00:27:42 INFO  PropertyMessageResources       - Initializing, config='org.apache.struts.util.LocalStrings', returnNull=true
2014-10-14 00:27:42 INFO  PropertyMessageResources       - Initializing, config='org.apache.struts.action.ActionResources', returnNull=true
2014-10-14 00:27:42 INFO  PropertyMessageResources       - Initializing, config='resources.application', returnNull=true
2014-10-14 00:27:42 INFO  ValidatorPlugIn                - Loading validation rules file from '/WEB-INF/validator-rules.xml'
2014-10-14 00:27:42 ERROR ValidatorPlugIn                - Skipping validation rules file from '/WEB-INF/validator-rules.xml'.  No stream could be opened.
2014-10-14 00:27:42 INFO  ValidatorPlugIn                - Loading validation rules file from '/WEB-INF/validation.xml'
2014-10-14 00:27:42 ERROR ValidatorPlugIn                - Skipping validation rules file from '/WEB-INF/validation.xml'.  No stream could be opened.
2014-10-14 00:27:55 INFO  PropertyMessageResources       - Initializing, config='org.apache.struts.util.LocalStrings', returnNull=true
2014-10-14 00:27:55 INFO  PropertyMessageResources       - Initializing, config='org.apache.struts.action.ActionResources', returnNull=true
2014-10-14 00:27:55 INFO  PropertyMessageResources       - Initializing, config='resources.application', returnNull=true
2014-10-14 00:27:55 INFO  ValidatorPlugIn                - Loading validation rules file from '/WEB-INF/validator-rules.xml'
2014-10-14 00:27:55 ERROR ValidatorPlugIn                - Skipping validation rules file from '/WEB-INF/validator-rules.xml'.  No stream could be opened.
2014-10-14 00:27:55 INFO  ValidatorPlugIn                - Loading validation rules file from '/WEB-INF/validation.xml'
2014-10-14 00:27:55 ERROR ValidatorPlugIn                - Skipping validation rules file from '/WEB-INF/validation.xml'.  No stream could be opened.
2014-10-14 00:28:09 INFO  PropertyMessageResources       - Initializing, config='org.apache.struts.util.LocalStrings', returnNull=true
2014-10-14 00:28:09 INFO  PropertyMessageResources       - Initializing, config='org.apache.struts.action.ActionResources', returnNull=true
2014-10-14 00:28:09 INFO  PropertyMessageResources       - Initializing, config='resources.application', returnNull=true
2014-10-14 00:28:09 INFO  ValidatorPlugIn                - Loading validation rules file from '/WEB-INF/validator-rules.xml'
2014-10-14 00:28:09 ERROR ValidatorPlugIn                - Skipping validation rules file from '/WEB-INF/validator-rules.xml'.  No stream could be opened.
2014-10-14 00:28:09 INFO  ValidatorPlugIn                - Loading validation rules file from '/WEB-INF/validation.xml'
2014-10-14 00:28:09 ERROR ValidatorPlugIn                - Skipping validation rules file from '/WEB-INF/validation.xml'.  No stream could be opened.
2014-10-14 00:28:22 INFO  PropertyMessageResources       - Initializing, config='org.apache.struts.util.LocalStrings', returnNull=true
2014-10-14 00:28:22 INFO  PropertyMessageResources       - Initializing, config='org.apache.struts.action.ActionResources', returnNull=true
2014-10-14 00:28:23 INFO  PropertyMessageResources       - Initializing, config='resources.application', returnNull=true
2014-10-14 00:28:23 INFO  ValidatorPlugIn                - Loading validation rules file from '/WEB-INF/validator-rules.xml'
2014-10-14 00:28:23 ERROR ValidatorPlugIn                - Skipping validation rules file from '/WEB-INF/validator-rules.xml'.  No stream could be opened.
2014-10-14 00:28:23 INFO  ValidatorPlugIn                - Loading validation rules file from '/WEB-INF/validation.xml'
2014-10-14 00:28:23 ERROR ValidatorPlugIn                - Skipping validation rules file from '/WEB-INF/validation.xml'.  No stream could be opened.
2014-10-14 00:29:20 INFO  PropertyMessageResources       - Initializing, config='org.apache.struts.util.LocalStrings', returnNull=true
2014-10-14 00:29:20 INFO  PropertyMessageResources       - Initializing, config='org.apache.struts.action.ActionResources', returnNull=true
2014-10-14 00:29:20 INFO  PropertyMessageResources       - Initializing, config='resources.application', returnNull=true
2014-10-14 00:29:20 INFO  ValidatorPlugIn                - Loading validation rules file from '/WEB-INF/validator-rules.xml'
2014-10-14 00:29:20 ERROR ValidatorPlugIn                - Skipping validation rules file from '/WEB-INF/validator-rules.xml'.  No stream could be opened.
2014-10-14 00:29:20 INFO  ValidatorPlugIn                - Loading validation rules file from '/WEB-INF/validation.xml'
2014-10-14 00:29:20 ERROR ValidatorPlugIn                - Skipping validation rules file from '/WEB-INF/validation.xml'.  No stream could be opened.
2014-10-14 00:32:15 INFO  PropertyMessageResources       - Initializing, config='org.apache.struts.util.LocalStrings', returnNull=true
2014-10-14 00:32:15 INFO  PropertyMessageResources       - Initializing, config='org.apache.struts.action.ActionResources', returnNull=true
2014-10-14 00:32:15 INFO  PropertyMessageResources       - Initializing, config='resources.application', returnNull=true
2014-10-14 00:32:15 INFO  ValidatorPlugIn                - Loading validation rules file from '/WEB-INF/validator-rules.xml'
2014-10-14 00:32:15 ERROR ValidatorPlugIn                - Skipping validation rules file from '/WEB-INF/validator-rules.xml'.  No stream could be opened.
2014-10-14 00:32:15 INFO  ValidatorPlugIn                - Loading validation rules file from '/WEB-INF/validation.xml'
2014-10-14 00:32:15 ERROR ValidatorPlugIn                - Skipping validation rules file from '/WEB-INF/validation.xml'.  No stream could be opened.
2014-10-14 00:44:11 INFO  PropertyMessageResources       - Initializing, config='org.apache.struts.util.LocalStrings', returnNull=true
2014-10-14 00:44:11 INFO  PropertyMessageResources       - Initializing, config='org.apache.struts.action.ActionResources', returnNull=true
2014-10-14 00:44:11 INFO  PropertyMessageResources       - Initializing, config='resources.application', returnNull=true
2014-10-14 00:44:11 INFO  ValidatorPlugIn                - Loading validation rules file from '/WEB-INF/validator-rules.xml'
2014-10-14 00:44:11 ERROR ValidatorPlugIn                - Skipping validation rules file from '/WEB-INF/validator-rules.xml'.  No stream could be opened.
2014-10-14 00:44:11 INFO  ValidatorPlugIn                - Loading validation rules file from '/WEB-INF/validation.xml'
2014-10-14 00:44:11 ERROR ValidatorPlugIn                - Skipping validation rules file from '/WEB-INF/validation.xml'.  No stream could be opened.
2014-10-14 00:49:18 INFO  PropertyMessageResources       - Initializing, config='org.apache.struts.util.LocalStrings', returnNull=true
2014-10-14 00:49:18 INFO  PropertyMessageResources       - Initializing, config='org.apache.struts.action.ActionResources', returnNull=true
2014-10-14 00:49:18 INFO  PropertyMessageResources       - Initializing, config='resources.application', returnNull=true
2014-10-14 00:49:18 INFO  ValidatorPlugIn                - Loading validation rules file from '/WEB-INF/validator-rules.xml'
2014-10-14 00:49:18 ERROR ValidatorPlugIn                - Skipping validation rules file from '/WEB-INF/validator-rules.xml'.  No stream could be opened.
2014-10-14 00:49:18 INFO  ValidatorPlugIn                - Loading validation rules file from '/WEB-INF/validation.xml'
2014-10-14 00:49:18 ERROR ValidatorPlugIn                - Skipping validation rules file from '/WEB-INF/validation.xml'.  No stream could be opened.
2014-10-14 00:49:35 INFO  PropertyMessageResources       - Initializing, config='org.apache.struts.util.LocalStrings', returnNull=true
2014-10-14 00:49:35 INFO  PropertyMessageResources       - Initializing, config='org.apache.struts.action.ActionResources', returnNull=true
2014-10-14 00:49:35 INFO  PropertyMessageResources       - Initializing, config='resources.application', returnNull=true
2014-10-14 00:49:35 INFO  ValidatorPlugIn                - Loading validation rules file from '/WEB-INF/validator-rules.xml'
2014-10-14 00:49:35 ERROR ValidatorPlugIn                - Skipping validation rules file from '/WEB-INF/validator-rules.xml'.  No stream could be opened.
2014-10-14 00:49:35 INFO  ValidatorPlugIn                - Loading validation rules file from '/WEB-INF/validation.xml'
2014-10-14 00:49:35 ERROR ValidatorPlugIn                - Skipping validation rules file from '/WEB-INF/validation.xml'.  No stream could be opened.
2014-10-14 01:15:57 INFO  PropertyMessageResources       - Initializing, config='org.apache.struts.util.LocalStrings', returnNull=true
2014-10-14 01:15:57 INFO  PropertyMessageResources       - Initializing, config='org.apache.struts.action.ActionResources', returnNull=true
2014-10-14 01:15:57 INFO  PropertyMessageResources       - Initializing, config='resources.application', returnNull=true
2014-10-14 01:15:57 INFO  ValidatorPlugIn                - Loading validation rules file from '/WEB-INF/validator-rules.xml'
2014-10-14 01:15:57 ERROR ValidatorPlugIn                - Skipping validation rules file from '/WEB-INF/validator-rules.xml'.  No stream could be opened.
2014-10-14 01:15:57 INFO  ValidatorPlugIn                - Loading validation rules file from '/WEB-INF/validation.xml'
2014-10-14 01:15:57 ERROR ValidatorPlugIn                - Skipping validation rules file from '/WEB-INF/validation.xml'.  No stream could be opened.
2014-10-14 01:17:42 INFO  PropertyMessageResources       - Initializing, config='org.apache.struts.util.LocalStrings', returnNull=true
2014-10-14 01:17:42 INFO  PropertyMessageResources       - Initializing, config='org.apache.struts.action.ActionResources', returnNull=true
2014-10-14 01:17:42 INFO  PropertyMessageResources       - Initializing, config='resources.application', returnNull=true
2014-10-14 01:17:42 INFO  ValidatorPlugIn                - Loading validation rules file from '/WEB-INF/validator-rules.xml'
2014-10-14 01:17:42 ERROR ValidatorPlugIn                - Skipping validation rules file from '/WEB-INF/validator-rules.xml'.  No stream could be opened.
2014-10-14 01:17:42 INFO  ValidatorPlugIn                - Loading validation rules file from '/WEB-INF/validation.xml'
2014-10-14 01:17:42 ERROR ValidatorPlugIn                - Skipping validation rules file from '/WEB-INF/validation.xml'.  No stream could be opened.
2014-10-14 01:18:04 INFO  PropertyMessageResources       - Initializing, config='org.apache.struts.util.LocalStrings', returnNull=true
2014-10-14 01:18:04 INFO  PropertyMessageResources       - Initializing, config='org.apache.struts.action.ActionResources', returnNull=true
2014-10-14 01:18:05 INFO  PropertyMessageResources       - Initializing, config='resources.application', returnNull=true
2014-10-14 01:18:05 INFO  ValidatorPlugIn                - Loading validation rules file from '/WEB-INF/validator-rules.xml'
2014-10-14 01:18:05 ERROR ValidatorPlugIn                - Skipping validation rules file from '/WEB-INF/validator-rules.xml'.  No stream could be opened.
2014-10-14 01:18:05 INFO  ValidatorPlugIn                - Loading validation rules file from '/WEB-INF/validation.xml'
2014-10-14 01:18:05 ERROR ValidatorPlugIn                - Skipping validation rules file from '/WEB-INF/validation.xml'.  No stream could be opened.
2014-10-14 01:21:47 INFO  PropertyMessageResources       - Initializing, config='org.apache.struts.util.LocalStrings', returnNull=true
2014-10-14 01:21:47 INFO  PropertyMessageResources       - Initializing, config='org.apache.struts.action.ActionResources', returnNull=true
2014-10-14 01:21:47 INFO  PropertyMessageResources       - Initializing, config='resources.application', returnNull=true
2014-10-14 01:21:47 INFO  ValidatorPlugIn                - Loading validation rules file from '/WEB-INF/validator-rules.xml'
2014-10-14 01:21:47 ERROR ValidatorPlugIn                - Skipping validation rules file from '/WEB-INF/validator-rules.xml'.  No stream could be opened.
2014-10-14 01:21:47 INFO  ValidatorPlugIn                - Loading validation rules file from '/WEB-INF/validation.xml'
2014-10-14 01:21:47 ERROR ValidatorPlugIn                - Skipping validation rules file from '/WEB-INF/validation.xml'.  No stream could be opened.
2014-10-14 01:30:00 INFO  PropertyMessageResources       - Initializing, config='org.apache.struts.util.LocalStrings', returnNull=true
2014-10-14 01:30:00 INFO  PropertyMessageResources       - Initializing, config='org.apache.struts.action.ActionResources', returnNull=true
2014-10-14 01:30:00 INFO  PropertyMessageResources       - Initializing, config='resources.application', returnNull=true
2014-10-14 01:30:00 INFO  ValidatorPlugIn                - Loading validation rules file from '/WEB-INF/validator-rules.xml'
2014-10-14 01:30:00 ERROR ValidatorPlugIn                - Skipping validation rules file from '/WEB-INF/validator-rules.xml'.  No stream could be opened.
2014-10-14 01:30:00 INFO  ValidatorPlugIn                - Loading validation rules file from '/WEB-INF/validation.xml'
2014-10-14 01:30:00 ERROR ValidatorPlugIn                - Skipping validation rules file from '/WEB-INF/validation.xml'.  No stream could be opened.
2014-10-14 01:30:54 INFO  PropertyMessageResources       - Initializing, config='org.apache.struts.util.LocalStrings', returnNull=true
2014-10-14 01:30:54 INFO  PropertyMessageResources       - Initializing, config='org.apache.struts.action.ActionResources', returnNull=true
2014-10-14 01:30:55 INFO  PropertyMessageResources       - Initializing, config='resources.application', returnNull=true
2014-10-14 01:30:55 INFO  ValidatorPlugIn                - Loading validation rules file from '/WEB-INF/validator-rules.xml'
2014-10-14 01:30:55 ERROR ValidatorPlugIn                - Skipping validation rules file from '/WEB-INF/validator-rules.xml'.  No stream could be opened.
2014-10-14 01:30:55 INFO  ValidatorPlugIn                - Loading validation rules file from '/WEB-INF/validation.xml'
2014-10-14 01:30:55 ERROR ValidatorPlugIn                - Skipping validation rules file from '/WEB-INF/validation.xml'.  No stream could be opened.
2014-10-14 01:32:11 INFO  PropertyMessageResources       - Initializing, config='org.apache.struts.util.LocalStrings', returnNull=true
2014-10-14 01:32:11 INFO  PropertyMessageResources       - Initializing, config='org.apache.struts.action.ActionResources', returnNull=true
2014-10-14 01:32:11 INFO  PropertyMessageResources       - Initializing, config='resources.application', returnNull=true
2014-10-14 01:32:11 INFO  ValidatorPlugIn                - Loading validation rules file from '/WEB-INF/validator-rules.xml'
2014-10-14 01:32:11 ERROR ValidatorPlugIn                - Skipping validation rules file from '/WEB-INF/validator-rules.xml'.  No stream could be opened.
2014-10-14 01:32:11 INFO  ValidatorPlugIn                - Loading validation rules file from '/WEB-INF/validation.xml'
2014-10-14 01:32:11 ERROR ValidatorPlugIn                - Skipping validation rules file from '/WEB-INF/validation.xml'.  No stream could be opened.
2014-10-14 01:39:32 INFO  PropertyMessageResources       - Initializing, config='org.apache.struts.util.LocalStrings', returnNull=true
2014-10-14 01:39:32 INFO  PropertyMessageResources       - Initializing, config='org.apache.struts.action.ActionResources', returnNull=true
2014-10-14 01:39:33 INFO  PropertyMessageResources       - Initializing, config='resources.application', returnNull=true
2014-10-14 01:39:33 INFO  ValidatorPlugIn                - Loading validation rules file from '/WEB-INF/validator-rules.xml'
2014-10-14 01:39:33 ERROR ValidatorPlugIn                - Skipping validation rules file from '/WEB-INF/validator-rules.xml'.  No stream could be opened.
2014-10-14 01:39:33 INFO  ValidatorPlugIn                - Loading validation rules file from '/WEB-INF/validation.xml'
2014-10-14 01:39:33 ERROR ValidatorPlugIn                - Skipping validation rules file from '/WEB-INF/validation.xml'.  No stream could be opened.
2014-10-14 01:51:18 INFO  PropertyMessageResources       - Initializing, config='org.apache.struts.util.LocalStrings', returnNull=true
2014-10-14 01:51:18 INFO  PropertyMessageResources       - Initializing, config='org.apache.struts.action.ActionResources', returnNull=true
2014-10-14 01:51:18 INFO  PropertyMessageResources       - Initializing, config='resources.application', returnNull=true
2014-10-14 01:51:18 INFO  ValidatorPlugIn                - Loading validation rules file from '/WEB-INF/validator-rules.xml'
2014-10-14 01:51:18 ERROR ValidatorPlugIn                - Skipping validation rules file from '/WEB-INF/validator-rules.xml'.  No stream could be opened.
2014-10-14 01:51:18 INFO  ValidatorPlugIn                - Loading validation rules file from '/WEB-INF/validation.xml'
2014-10-14 01:51:18 ERROR ValidatorPlugIn                - Skipping validation rules file from '/WEB-INF/validation.xml'.  No stream could be opened.
2014-10-14 01:51:52 INFO  PropertyMessageResources       - Initializing, config='org.apache.struts.util.LocalStrings', returnNull=true
2014-10-14 01:51:52 INFO  PropertyMessageResources       - Initializing, config='org.apache.struts.action.ActionResources', returnNull=true
2014-10-14 01:51:52 INFO  PropertyMessageResources       - Initializing, config='resources.application', returnNull=true
2014-10-14 01:51:52 INFO  ValidatorPlugIn                - Loading validation rules file from '/WEB-INF/validator-rules.xml'
2014-10-14 01:51:52 ERROR ValidatorPlugIn                - Skipping validation rules file from '/WEB-INF/validator-rules.xml'.  No stream could be opened.
2014-10-14 01:51:52 INFO  ValidatorPlugIn                - Loading validation rules file from '/WEB-INF/validation.xml'
2014-10-14 01:51:52 ERROR ValidatorPlugIn                - Skipping validation rules file from '/WEB-INF/validation.xml'.  No stream could be opened.
2014-10-14 02:03:37 INFO  PropertyMessageResources       - Initializing, config='org.apache.struts.util.LocalStrings', returnNull=true
2014-10-14 02:03:37 INFO  PropertyMessageResources       - Initializing, config='org.apache.struts.action.ActionResources', returnNull=true
2014-10-14 02:03:38 INFO  PropertyMessageResources       - Initializing, config='resources.application', returnNull=true
2014-10-14 02:03:38 INFO  ValidatorPlugIn                - Loading validation rules file from '/WEB-INF/validator-rules.xml'
2014-10-14 02:03:38 ERROR ValidatorPlugIn                - Skipping validation rules file from '/WEB-INF/validator-rules.xml'.  No stream could be opened.
2014-10-14 02:03:38 INFO  ValidatorPlugIn                - Loading validation rules file from '/WEB-INF/validation.xml'
2014-10-14 02:03:38 ERROR ValidatorPlugIn                - Skipping validation rules file from '/WEB-INF/validation.xml'.  No stream could be opened.
2014-10-14 02:04:31 INFO  PropertyMessageResources       - Initializing, config='org.apache.struts.util.LocalStrings', returnNull=true
2014-10-14 02:04:31 INFO  PropertyMessageResources       - Initializing, config='org.apache.struts.action.ActionResources', returnNull=true
2014-10-14 02:04:31 INFO  PropertyMessageResources       - Initializing, config='resources.application', returnNull=true
2014-10-14 02:04:31 INFO  ValidatorPlugIn                - Loading validation rules file from '/WEB-INF/validator-rules.xml'
2014-10-14 02:04:31 ERROR ValidatorPlugIn                - Skipping validation rules file from '/WEB-INF/validator-rules.xml'.  No stream could be opened.
2014-10-14 02:04:31 INFO  ValidatorPlugIn                - Loading validation rules file from '/WEB-INF/validation.xml'
2014-10-14 02:04:31 ERROR ValidatorPlugIn                - Skipping validation rules file from '/WEB-INF/validation.xml'.  No stream could be opened.
2014-10-14 02:04:45 INFO  PropertyMessageResources       - Initializing, config='org.apache.struts.util.LocalStrings', returnNull=true
2014-10-14 02:04:45 INFO  PropertyMessageResources       - Initializing, config='org.apache.struts.action.ActionResources', returnNull=true
2014-10-14 02:04:45 INFO  PropertyMessageResources       - Initializing, config='resources.application', returnNull=true
2014-10-14 02:04:45 INFO  ValidatorPlugIn                - Loading validation rules file from '/WEB-INF/validator-rules.xml'
2014-10-14 02:04:45 ERROR ValidatorPlugIn                - Skipping validation rules file from '/WEB-INF/validator-rules.xml'.  No stream could be opened.
2014-10-14 02:04:45 INFO  ValidatorPlugIn                - Loading validation rules file from '/WEB-INF/validation.xml'
2014-10-14 02:04:45 ERROR ValidatorPlugIn                - Skipping validation rules file from '/WEB-INF/validation.xml'.  No stream could be opened.
2014-10-14 02:07:31 INFO  PropertyMessageResources       - Initializing, config='org.apache.struts.util.LocalStrings', returnNull=true
2014-10-14 02:07:31 INFO  PropertyMessageResources       - Initializing, config='org.apache.struts.action.ActionResources', returnNull=true
2014-10-14 02:07:31 INFO  PropertyMessageResources       - Initializing, config='resources.application', returnNull=true
2014-10-14 02:07:31 INFO  ValidatorPlugIn                - Loading validation rules file from '/WEB-INF/validator-rules.xml'
2014-10-14 02:07:31 ERROR ValidatorPlugIn                - Skipping validation rules file from '/WEB-INF/validator-rules.xml'.  No stream could be opened.
2014-10-14 02:07:31 INFO  ValidatorPlugIn                - Loading validation rules file from '/WEB-INF/validation.xml'
2014-10-14 02:07:31 ERROR ValidatorPlugIn                - Skipping validation rules file from '/WEB-INF/validation.xml'.  No stream could be opened.
2014-10-14 02:10:08 INFO  PropertyMessageResources       - Initializing, config='org.apache.struts.util.LocalStrings', returnNull=true
2014-10-14 02:10:08 INFO  PropertyMessageResources       - Initializing, config='org.apache.struts.action.ActionResources', returnNull=true
2014-10-14 02:10:08 INFO  PropertyMessageResources       - Initializing, config='resources.application', returnNull=true
2014-10-14 02:10:08 INFO  ValidatorPlugIn                - Loading validation rules file from '/WEB-INF/validator-rules.xml'
2014-10-14 02:10:08 ERROR ValidatorPlugIn                - Skipping validation rules file from '/WEB-INF/validator-rules.xml'.  No stream could be opened.
2014-10-14 02:10:08 INFO  ValidatorPlugIn                - Loading validation rules file from '/WEB-INF/validation.xml'
2014-10-14 02:10:08 ERROR ValidatorPlugIn                - Skipping validation rules file from '/WEB-INF/validation.xml'.  No stream could be opened.
2014-10-14 02:18:51 INFO  PropertyMessageResources       - Initializing, config='org.apache.struts.util.LocalStrings', returnNull=true
2014-10-14 02:18:51 INFO  PropertyMessageResources       - Initializing, config='org.apache.struts.action.ActionResources', returnNull=true
2014-10-14 02:18:51 INFO  PropertyMessageResources       - Initializing, config='resources.application', returnNull=true
2014-10-14 02:18:51 INFO  ValidatorPlugIn                - Loading validation rules file from '/WEB-INF/validator-rules.xml'
2014-10-14 02:18:51 ERROR ValidatorPlugIn                - Skipping validation rules file from '/WEB-INF/validator-rules.xml'.  No stream could be opened.
2014-10-14 02:18:51 INFO  ValidatorPlugIn                - Loading validation rules file from '/WEB-INF/validation.xml'
2014-10-14 02:18:51 ERROR ValidatorPlugIn                - Skipping validation rules file from '/WEB-INF/validation.xml'.  No stream could be opened.
2014-10-14 02:19:27 INFO  PropertyMessageResources       - Initializing, config='org.apache.struts.util.LocalStrings', returnNull=true
2014-10-14 02:19:27 INFO  PropertyMessageResources       - Initializing, config='org.apache.struts.action.ActionResources', returnNull=true
2014-10-14 02:19:27 INFO  PropertyMessageResources       - Initializing, config='resources.application', returnNull=true
2014-10-14 02:19:27 INFO  ValidatorPlugIn                - Loading validation rules file from '/WEB-INF/validator-rules.xml'
2014-10-14 02:19:27 ERROR ValidatorPlugIn                - Skipping validation rules file from '/WEB-INF/validator-rules.xml'.  No stream could be opened.
2014-10-14 02:19:27 INFO  ValidatorPlugIn                - Loading validation rules file from '/WEB-INF/validation.xml'
2014-10-14 02:19:27 ERROR ValidatorPlugIn                - Skipping validation rules file from '/WEB-INF/validation.xml'.  No stream could be opened.
2014-10-14 02:21:43 INFO  PropertyMessageResources       - Initializing, config='org.apache.struts.util.LocalStrings', returnNull=true
2014-10-14 02:21:43 INFO  PropertyMessageResources       - Initializing, config='org.apache.struts.action.ActionResources', returnNull=true
2014-10-14 02:21:43 INFO  PropertyMessageResources       - Initializing, config='resources.application', returnNull=true
2014-10-14 02:21:43 INFO  ValidatorPlugIn                - Loading validation rules file from '/WEB-INF/validator-rules.xml'
2014-10-14 02:21:43 ERROR ValidatorPlugIn                - Skipping validation rules file from '/WEB-INF/validator-rules.xml'.  No stream could be opened.
2014-10-14 02:21:43 INFO  ValidatorPlugIn                - Loading validation rules file from '/WEB-INF/validation.xml'
2014-10-14 02:21:43 ERROR ValidatorPlugIn                - Skipping validation rules file from '/WEB-INF/validation.xml'.  No stream could be opened.
2014-10-14 02:21:56 INFO  PropertyMessageResources       - Initializing, config='org.apache.struts.util.LocalStrings', returnNull=true
2014-10-14 02:21:56 INFO  PropertyMessageResources       - Initializing, config='org.apache.struts.action.ActionResources', returnNull=true
2014-10-14 02:21:56 INFO  PropertyMessageResources       - Initializing, config='resources.application', returnNull=true
2014-10-14 02:21:56 INFO  ValidatorPlugIn                - Loading validation rules file from '/WEB-INF/validator-rules.xml'
2014-10-14 02:21:56 ERROR ValidatorPlugIn                - Skipping validation rules file from '/WEB-INF/validator-rules.xml'.  No stream could be opened.
2014-10-14 02:21:56 INFO  ValidatorPlugIn                - Loading validation rules file from '/WEB-INF/validation.xml'
2014-10-14 02:21:56 ERROR ValidatorPlugIn                - Skipping validation rules file from '/WEB-INF/validation.xml'.  No stream could be opened.
2014-10-14 02:35:54 INFO  PropertyMessageResources       - Initializing, config='org.apache.struts.util.LocalStrings', returnNull=true
2014-10-14 02:35:54 INFO  PropertyMessageResources       - Initializing, config='org.apache.struts.action.ActionResources', returnNull=true
2014-10-14 02:35:54 INFO  PropertyMessageResources       - Initializing, config='resources.application', returnNull=true
2014-10-14 02:35:54 INFO  ValidatorPlugIn                - Loading validation rules file from '/WEB-INF/validator-rules.xml'
2014-10-14 02:35:54 ERROR ValidatorPlugIn                - Skipping validation rules file from '/WEB-INF/validator-rules.xml'.  No stream could be opened.
2014-10-14 02:35:54 INFO  ValidatorPlugIn                - Loading validation rules file from '/WEB-INF/validation.xml'
2014-10-14 02:35:54 ERROR ValidatorPlugIn                - Skipping validation rules file from '/WEB-INF/validation.xml'.  No stream could be opened.
2014-10-14 02:37:30 INFO  PropertyMessageResources       - Initializing, config='org.apache.struts.util.LocalStrings', returnNull=true
2014-10-14 02:37:30 INFO  PropertyMessageResources       - Initializing, config='org.apache.struts.action.ActionResources', returnNull=true
2014-10-14 02:37:30 INFO  PropertyMessageResources       - Initializing, config='resources.application', returnNull=true
2014-10-14 02:37:30 INFO  ValidatorPlugIn                - Loading validation rules file from '/WEB-INF/validator-rules.xml'
2014-10-14 02:37:30 ERROR ValidatorPlugIn                - Skipping validation rules file from '/WEB-INF/validator-rules.xml'.  No stream could be opened.
2014-10-14 02:37:30 INFO  ValidatorPlugIn                - Loading validation rules file from '/WEB-INF/validation.xml'
2014-10-14 02:37:30 ERROR ValidatorPlugIn                - Skipping validation rules file from '/WEB-INF/validation.xml'.  No stream could be opened.
2014-10-14 23:01:20 INFO  PropertyMessageResources       - Initializing, config='org.apache.struts.util.LocalStrings', returnNull=true
2014-10-14 23:01:20 INFO  PropertyMessageResources       - Initializing, config='org.apache.struts.action.ActionResources', returnNull=true
2014-10-14 23:01:20 INFO  PropertyMessageResources       - Initializing, config='resources.application', returnNull=true
2014-10-14 23:01:20 INFO  ValidatorPlugIn                - Loading validation rules file from '/WEB-INF/validator-rules.xml'
2014-10-14 23:01:20 ERROR ValidatorPlugIn                - Skipping validation rules file from '/WEB-INF/validator-rules.xml'.  No stream could be opened.
2014-10-14 23:01:20 INFO  ValidatorPlugIn                - Loading validation rules file from '/WEB-INF/validation.xml'
2014-10-14 23:01:20 ERROR ValidatorPlugIn                - Skipping validation rules file from '/WEB-INF/validation.xml'.  No stream could be opened.
2014-10-14 23:07:30 INFO  PropertyMessageResources       - Initializing, config='org.apache.struts.util.LocalStrings', returnNull=true
2014-10-14 23:07:30 INFO  PropertyMessageResources       - Initializing, config='org.apache.struts.action.ActionResources', returnNull=true
2014-10-14 23:07:30 INFO  PropertyMessageResources       - Initializing, config='resources.application', returnNull=true
2014-10-14 23:07:30 INFO  ValidatorPlugIn                - Loading validation rules file from '/WEB-INF/validator-rules.xml'
2014-10-14 23:07:30 ERROR ValidatorPlugIn                - Skipping validation rules file from '/WEB-INF/validator-rules.xml'.  No stream could be opened.
2014-10-14 23:07:30 INFO  ValidatorPlugIn                - Loading validation rules file from '/WEB-INF/validation.xml'
2014-10-14 23:07:30 ERROR ValidatorPlugIn                - Skipping validation rules file from '/WEB-INF/validation.xml'.  No stream could be opened.
2014-10-14 23:12:08 INFO  PropertyMessageResources       - Initializing, config='org.apache.struts.util.LocalStrings', returnNull=true
2014-10-14 23:12:08 INFO  PropertyMessageResources       - Initializing, config='org.apache.struts.action.ActionResources', returnNull=true
2014-10-14 23:12:08 INFO  PropertyMessageResources       - Initializing, config='resources.application', returnNull=true
2014-10-14 23:12:08 INFO  ValidatorPlugIn                - Loading validation rules file from '/WEB-INF/validator-rules.xml'
2014-10-14 23:12:08 ERROR ValidatorPlugIn                - Skipping validation rules file from '/WEB-INF/validator-rules.xml'.  No stream could be opened.
2014-10-14 23:12:08 INFO  ValidatorPlugIn                - Loading validation rules file from '/WEB-INF/validation.xml'
2014-10-14 23:12:08 ERROR ValidatorPlugIn                - Skipping validation rules file from '/WEB-INF/validation.xml'.  No stream could be opened.
2014-10-14 23:12:56 INFO  PropertyMessageResources       - Initializing, config='org.apache.struts.util.LocalStrings', returnNull=true
2014-10-14 23:12:56 INFO  PropertyMessageResources       - Initializing, config='org.apache.struts.action.ActionResources', returnNull=true
2014-10-14 23:12:56 INFO  PropertyMessageResources       - Initializing, config='resources.application', returnNull=true
2014-10-14 23:12:56 INFO  ValidatorPlugIn                - Loading validation rules file from '/WEB-INF/validator-rules.xml'
2014-10-14 23:12:56 ERROR ValidatorPlugIn                - Skipping validation rules file from '/WEB-INF/validator-rules.xml'.  No stream could be opened.
2014-10-14 23:12:56 INFO  ValidatorPlugIn                - Loading validation rules file from '/WEB-INF/validation.xml'
2014-10-14 23:12:56 ERROR ValidatorPlugIn                - Skipping validation rules file from '/WEB-INF/validation.xml'.  No stream could be opened.
2014-10-14 23:21:28 INFO  PropertyMessageResources       - Initializing, config='org.apache.struts.util.LocalStrings', returnNull=true
2014-10-14 23:21:28 INFO  PropertyMessageResources       - Initializing, config='org.apache.struts.action.ActionResources', returnNull=true
2014-10-14 23:21:28 INFO  PropertyMessageResources       - Initializing, config='resources.application', returnNull=true
2014-10-14 23:21:28 INFO  ValidatorPlugIn                - Loading validation rules file from '/WEB-INF/validator-rules.xml'
2014-10-14 23:21:28 ERROR ValidatorPlugIn                - Skipping validation rules file from '/WEB-INF/validator-rules.xml'.  No stream could be opened.
2014-10-14 23:21:28 INFO  ValidatorPlugIn                - Loading validation rules file from '/WEB-INF/validation.xml'
2014-10-14 23:21:28 ERROR ValidatorPlugIn                - Skipping validation rules file from '/WEB-INF/validation.xml'.  No stream could be opened.
2014-10-14 23:22:42 INFO  PropertyMessageResources       - Initializing, config='org.apache.struts.util.LocalStrings', returnNull=true
2014-10-14 23:22:42 INFO  PropertyMessageResources       - Initializing, config='org.apache.struts.action.ActionResources', returnNull=true
2014-10-14 23:22:42 INFO  PropertyMessageResources       - Initializing, config='resources.application', returnNull=true
2014-10-14 23:22:42 INFO  ValidatorPlugIn                - Loading validation rules file from '/WEB-INF/validator-rules.xml'
2014-10-14 23:22:42 ERROR ValidatorPlugIn                - Skipping validation rules file from '/WEB-INF/validator-rules.xml'.  No stream could be opened.
2014-10-14 23:22:42 INFO  ValidatorPlugIn                - Loading validation rules file from '/WEB-INF/validation.xml'
2014-10-14 23:22:42 ERROR ValidatorPlugIn                - Skipping validation rules file from '/WEB-INF/validation.xml'.  No stream could be opened.
2014-10-14 23:23:26 INFO  PropertyMessageResources       - Initializing, config='org.apache.struts.util.LocalStrings', returnNull=true
2014-10-14 23:23:26 INFO  PropertyMessageResources       - Initializing, config='org.apache.struts.action.ActionResources', returnNull=true
2014-10-14 23:23:26 INFO  PropertyMessageResources       - Initializing, config='resources.application', returnNull=true
2014-10-14 23:23:26 INFO  ValidatorPlugIn                - Loading validation rules file from '/WEB-INF/validator-rules.xml'
2014-10-14 23:23:26 ERROR ValidatorPlugIn                - Skipping validation rules file from '/WEB-INF/validator-rules.xml'.  No stream could be opened.
2014-10-14 23:23:26 INFO  ValidatorPlugIn                - Loading validation rules file from '/WEB-INF/validation.xml'
2014-10-14 23:23:26 ERROR ValidatorPlugIn                - Skipping validation rules file from '/WEB-INF/validation.xml'.  No stream could be opened.
2014-10-14 23:23:49 INFO  PropertyMessageResources       - Initializing, config='org.apache.struts.util.LocalStrings', returnNull=true
2014-10-14 23:23:49 INFO  PropertyMessageResources       - Initializing, config='org.apache.struts.action.ActionResources', returnNull=true
2014-10-14 23:23:49 INFO  PropertyMessageResources       - Initializing, config='resources.application', returnNull=true
2014-10-14 23:23:49 INFO  ValidatorPlugIn                - Loading validation rules file from '/WEB-INF/validator-rules.xml'
2014-10-14 23:23:49 ERROR ValidatorPlugIn                - Skipping validation rules file from '/WEB-INF/validator-rules.xml'.  No stream could be opened.
2014-10-14 23:23:49 INFO  ValidatorPlugIn                - Loading validation rules file from '/WEB-INF/validation.xml'
2014-10-14 23:23:49 ERROR ValidatorPlugIn                - Skipping validation rules file from '/WEB-INF/validation.xml'.  No stream could be opened.
2014-10-14 23:24:11 INFO  PropertyMessageResources       - Initializing, config='org.apache.struts.util.LocalStrings', returnNull=true
2014-10-14 23:24:11 INFO  PropertyMessageResources       - Initializing, config='org.apache.struts.action.ActionResources', returnNull=true
2014-10-14 23:24:11 INFO  PropertyMessageResources       - Initializing, config='resources.application', returnNull=true
2014-10-14 23:24:11 INFO  ValidatorPlugIn                - Loading validation rules file from '/WEB-INF/validator-rules.xml'
2014-10-14 23:24:11 ERROR ValidatorPlugIn                - Skipping validation rules file from '/WEB-INF/validator-rules.xml'.  No stream could be opened.
2014-10-14 23:24:11 INFO  ValidatorPlugIn                - Loading validation rules file from '/WEB-INF/validation.xml'
2014-10-14 23:24:11 ERROR ValidatorPlugIn                - Skipping validation rules file from '/WEB-INF/validation.xml'.  No stream could be opened.
2014-10-14 23:29:41 INFO  PropertyMessageResources       - Initializing, config='org.apache.struts.util.LocalStrings', returnNull=true
2014-10-14 23:29:41 INFO  PropertyMessageResources       - Initializing, config='org.apache.struts.action.ActionResources', returnNull=true
2014-10-14 23:29:41 INFO  PropertyMessageResources       - Initializing, config='resources.application', returnNull=true
2014-10-14 23:29:41 INFO  ValidatorPlugIn                - Loading validation rules file from '/WEB-INF/validator-rules.xml'
2014-10-14 23:29:41 ERROR ValidatorPlugIn                - Skipping validation rules file from '/WEB-INF/validator-rules.xml'.  No stream could be opened.
2014-10-14 23:29:41 INFO  ValidatorPlugIn                - Loading validation rules file from '/WEB-INF/validation.xml'
2014-10-14 23:29:41 ERROR ValidatorPlugIn                - Skipping validation rules file from '/WEB-INF/validation.xml'.  No stream could be opened.
2014-10-14 23:30:55 INFO  PropertyMessageResources       - Initializing, config='org.apache.struts.util.LocalStrings', returnNull=true
2014-10-14 23:30:55 INFO  PropertyMessageResources       - Initializing, config='org.apache.struts.action.ActionResources', returnNull=true
2014-10-14 23:30:55 INFO  PropertyMessageResources       - Initializing, config='resources.application', returnNull=true
2014-10-14 23:30:55 INFO  ValidatorPlugIn                - Loading validation rules file from '/WEB-INF/validator-rules.xml'
2014-10-14 23:30:55 ERROR ValidatorPlugIn                - Skipping validation rules file from '/WEB-INF/validator-rules.xml'.  No stream could be opened.
2014-10-14 23:30:55 INFO  ValidatorPlugIn                - Loading validation rules file from '/WEB-INF/validation.xml'
2014-10-14 23:30:55 ERROR ValidatorPlugIn                - Skipping validation rules file from '/WEB-INF/validation.xml'.  No stream could be opened.
