2015-01-11 00:06:41 INFO  FTPReceiver                    - ???l??FTP??????...
2015-01-11 00:06:41 INFO  FTPReceiver                    - l???????mk
2015-01-11 00:06:44 ERROR FTPReceiver                    - l?????
2015-01-11 00:06:44 INFO  FTPReceiver                    - l???????jbwang
2015-01-11 00:06:46 ERROR FTPReceiver                    - l?????
2015-01-11 00:06:46 INFO  FTPReceiver                    - ??????????????????


2015-01-11 00:26:41 INFO  FTPReceiver                    - ???l??FTP??????...
2015-01-11 00:26:41 INFO  FTPReceiver                    - l???????mk
2015-01-11 00:26:44 ERROR FTPReceiver                    - l?????
2015-01-11 00:26:44 INFO  FTPReceiver                    - l???????jbwang
2015-01-11 00:26:46 ERROR FTPReceiver                    - l?????
2015-01-11 00:26:46 INFO  FTPReceiver                    - ??????????????????


2015-01-11 00:46:41 INFO  FTPReceiver                    - ???l??FTP??????...
2015-01-11 00:46:41 INFO  FTPReceiver                    - l???????mk
2015-01-11 00:46:44 ERROR FTPReceiver                    - l?????
2015-01-11 00:46:44 INFO  FTPReceiver                    - l???????jbwang
2015-01-11 00:46:46 ERROR FTPReceiver                    - l?????
2015-01-11 00:46:46 INFO  FTPReceiver                    - ??????????????????


2015-01-11 01:06:41 INFO  FTPReceiver                    - ???l??FTP??????...
2015-01-11 01:06:41 INFO  FTPReceiver                    - l???????mk
2015-01-11 01:06:44 ERROR FTPReceiver                    - l?????
2015-01-11 01:06:44 INFO  FTPReceiver                    - l???????jbwang
2015-01-11 01:06:46 ERROR FTPReceiver                    - l?????
2015-01-11 01:06:46 INFO  FTPReceiver                    - ??????????????????


2015-01-11 01:26:41 INFO  FTPReceiver                    - ???l??FTP??????...
2015-01-11 01:26:41 INFO  FTPReceiver                    - l???????mk
2015-01-11 01:26:44 ERROR FTPReceiver                    - l?????
2015-01-11 01:26:44 INFO  FTPReceiver                    - l???????jbwang
2015-01-11 01:26:46 ERROR FTPReceiver                    - l?????
2015-01-11 01:26:46 INFO  FTPReceiver                    - ??????????????????


2015-01-11 01:46:41 INFO  FTPReceiver                    - ???l??FTP??????...
2015-01-11 01:46:41 INFO  FTPReceiver                    - l???????mk
2015-01-11 01:46:44 ERROR FTPReceiver                    - l?????
2015-01-11 01:46:44 INFO  FTPReceiver                    - l???????jbwang
2015-01-11 01:46:46 ERROR FTPReceiver                    - l?????
2015-01-11 01:46:46 INFO  FTPReceiver                    - ??????????????????


2015-01-11 02:06:41 INFO  FTPReceiver                    - ???l??FTP??????...
2015-01-11 02:06:41 INFO  FTPReceiver                    - l???????mk
2015-01-11 02:06:44 ERROR FTPReceiver                    - l?????
2015-01-11 02:06:44 INFO  FTPReceiver                    - l???????jbwang
2015-01-11 02:06:46 ERROR FTPReceiver                    - l?????
2015-01-11 02:06:46 INFO  FTPReceiver                    - ??????????????????


2015-01-11 02:26:41 INFO  FTPReceiver                    - ???l??FTP??????...
2015-01-11 02:26:41 INFO  FTPReceiver                    - l???????mk
2015-01-11 02:26:44 ERROR FTPReceiver                    - l?????
2015-01-11 02:26:44 INFO  FTPReceiver                    - l???????jbwang
2015-01-11 02:26:46 ERROR FTPReceiver                    - l?????
2015-01-11 02:26:46 INFO  FTPReceiver                    - ??????????????????


2015-01-11 08:35:56 INFO  FTPReceiver                    - ???l??FTP??????...
2015-01-11 08:35:56 INFO  FTPReceiver                    - l???????mk
2015-01-11 08:35:59 ERROR FTPReceiver                    - l?????
2015-01-11 08:35:59 INFO  FTPReceiver                    - l???????jbwang
2015-01-11 08:36:02 ERROR FTPReceiver                    - l?????
2015-01-11 08:36:02 INFO  FTPReceiver                    - ??????????????????


2015-01-11 10:51:35 INFO  FTPReceiver                    - ???l??FTP??????...
2015-01-11 10:51:35 INFO  FTPReceiver                    - l???????mk
2015-01-11 10:51:39 ERROR FTPReceiver                    - l?????
2015-01-11 10:51:39 INFO  FTPReceiver                    - l???????jbwang
2015-01-11 10:51:40 ERROR FTPReceiver                    - l?????
2015-01-11 10:51:40 INFO  FTPReceiver                    - ??????????????????


2015-01-11 11:11:35 INFO  FTPReceiver                    - ???l??FTP??????...
2015-01-11 11:11:35 INFO  FTPReceiver                    - l???????mk
2015-01-11 11:11:38 ERROR FTPReceiver                    - l?????
2015-01-11 11:11:38 INFO  FTPReceiver                    - l???????jbwang
2015-01-11 11:11:40 ERROR FTPReceiver                    - l?????
2015-01-11 11:11:40 INFO  FTPReceiver                    - ??????????????????


