2015-01-16 00:00:11 INFO  MailReceiver                   - ?????0?????
2015-01-16 00:00:11 INFO  MailReceiver                   - ???????pop.21cn.com??????????????????????0????????
2015-01-16 00:00:11 INFO  MailReceiver                   - ??????????????????


2015-01-16 00:19:05 INFO  MailReceiver                   - ??????????...
2015-01-16 00:19:05 INFO  MailReceiver                   - ???????mail.hbsa.gov.cn????????..
2015-01-16 00:19:05 INFO  MailReceiver                   - ?????0?????
2015-01-16 00:19:05 INFO  MailReceiver                   - ???????mail.hbsa.gov.cn??????????????????????0????????
2015-01-16 00:19:05 INFO  MailReceiver                   - ???????pop.21cn.com????????..
2015-01-16 00:20:18 INFO  MailReceiver                   - ?????0?????
2015-01-16 00:20:18 INFO  MailReceiver                   - ???????pop.21cn.com??????????????????????0????????
2015-01-16 00:20:18 INFO  MailReceiver                   - ??????????????????


2015-01-16 00:39:05 INFO  MailReceiver                   - ??????????...
2015-01-16 00:39:05 INFO  MailReceiver                   - ???????mail.hbsa.gov.cn????????..
2015-01-16 00:39:06 INFO  MailReceiver                   - ?????0?????
2015-01-16 00:39:06 INFO  MailReceiver                   - ???????mail.hbsa.gov.cn??????????????????????0????????
2015-01-16 00:39:06 INFO  MailReceiver                   - ???????pop.21cn.com????????..
2015-01-16 00:40:06 INFO  MailReceiver                   - ?????0?????
2015-01-16 00:40:06 INFO  MailReceiver                   - ???????pop.21cn.com??????????????????????0????????
2015-01-16 00:40:06 INFO  MailReceiver                   - ??????????????????


2015-01-16 00:59:05 INFO  MailReceiver                   - ??????????...
2015-01-16 00:59:05 INFO  MailReceiver                   - ???????mail.hbsa.gov.cn????????..
2015-01-16 00:59:05 INFO  MailReceiver                   - ?????0?????
2015-01-16 00:59:05 INFO  MailReceiver                   - ???????mail.hbsa.gov.cn??????????????????????0????????
2015-01-16 00:59:05 INFO  MailReceiver                   - ???????pop.21cn.com????????..
2015-01-16 01:00:00 INFO  MailReceiver                   - ?????0?????
2015-01-16 01:00:00 INFO  MailReceiver                   - ???????pop.21cn.com??????????????????????0????????
2015-01-16 01:00:00 INFO  MailReceiver                   - ??????????????????


2015-01-16 01:19:05 INFO  MailReceiver                   - ??????????...
2015-01-16 01:19:05 INFO  MailReceiver                   - ???????mail.hbsa.gov.cn????????..
2015-01-16 01:19:05 INFO  MailReceiver                   - ?????0?????
2015-01-16 01:19:05 INFO  MailReceiver                   - ???????mail.hbsa.gov.cn??????????????????????0????????
2015-01-16 01:19:05 INFO  MailReceiver                   - ???????pop.21cn.com????????..
2015-01-16 01:20:07 INFO  MailReceiver                   - ?????0?????
2015-01-16 01:20:07 INFO  MailReceiver                   - ???????pop.21cn.com??????????????????????0????????
2015-01-16 01:20:07 INFO  MailReceiver                   - ??????????????????


