2014-10-12 10:07:13 ERROR DBUserManager                  - 
net.sf.hibernate.MappingException: Resource: cn/com/youtong/apollo/sms/form/PhoneBookEntity.hbm.xml not found
	at net.sf.hibernate.cfg.Configuration.addResource(Configuration.java:313)
	at net.sf.hibernate.cfg.Configuration.doConfigure(Configuration.java:976)
	at net.sf.hibernate.cfg.Configuration.doConfigure(Configuration.java:928)
	at net.sf.hibernate.cfg.Configuration.configure(Configuration.java:890)
	at cn.com.youtong.apollo.common.sql.HibernateUtil.getSessionFactory(HibernateUtil.java:35)
	at cn.com.youtong.apollo.usermanager.db.DBUserManager.getUserByName(DBUserManager.java:1062)
	at cn.com.youtong.apollo.authentication.db.DBAuthentication.getUser(DBAuthentication.java:96)
	at cn.com.youtong.apollo.authentication.db.DBAuthentication.authenticate(DBAuthentication.java:61)
	at cn.com.youtong.apollo.servlet.LoginServlet.login(LoginServlet.java:68)
	at cn.com.youtong.apollo.servlet.LoginServlet.perform(LoginServlet.java:218)
	at cn.com.youtong.apollo.servlet.RootServlet.service(RootServlet.java:142)
	at javax.servlet.http.HttpServlet.service(HttpServlet.java:717)
	at org.apache.catalina.core.ApplicationFilterChain.internalDoFilter(ApplicationFilterChain.java:290)
	at org.apache.catalina.core.ApplicationFilterChain.doFilter(ApplicationFilterChain.java:206)
	at org.apache.catalina.core.StandardWrapperValve.invoke(StandardWrapperValve.java:233)
	at org.apache.catalina.core.StandardContextValve.invoke(StandardContextValve.java:191)
	at org.apache.catalina.core.StandardHostValve.invoke(StandardHostValve.java:127)
	at org.apache.catalina.valves.ErrorReportValve.invoke(ErrorReportValve.java:102)
	at org.apache.catalina.core.StandardEngineValve.invoke(StandardEngineValve.java:109)
	at org.apache.catalina.connector.CoyoteAdapter.service(CoyoteAdapter.java:298)
	at org.apache.coyote.http11.Http11AprProcessor.process(Http11AprProcessor.java:864)
	at org.apache.coyote.http11.Http11AprProtocol$Http11ConnectionHandler.process(Http11AprProtocol.java:579)
	at org.apache.tomcat.util.net.AprEndpoint$Worker.run(AprEndpoint.java:1665)
	at java.lang.Thread.run(Thread.java:662)
2014-10-12 10:07:19 ERROR DBUserManager                  - 
net.sf.hibernate.MappingException: Resource: cn/com/youtong/apollo/sms/form/PhoneBookEntity.hbm.xml not found
	at net.sf.hibernate.cfg.Configuration.addResource(Configuration.java:313)
	at net.sf.hibernate.cfg.Configuration.doConfigure(Configuration.java:976)
	at net.sf.hibernate.cfg.Configuration.doConfigure(Configuration.java:928)
	at net.sf.hibernate.cfg.Configuration.configure(Configuration.java:890)
	at cn.com.youtong.apollo.common.sql.HibernateUtil.getSessionFactory(HibernateUtil.java:35)
	at cn.com.youtong.apollo.usermanager.db.DBUserManager.getUserByName(DBUserManager.java:1062)
	at cn.com.youtong.apollo.authentication.db.DBAuthentication.getUser(DBAuthentication.java:96)
	at cn.com.youtong.apollo.authentication.db.DBAuthentication.authenticate(DBAuthentication.java:61)
	at cn.com.youtong.apollo.servlet.LoginServlet.login(LoginServlet.java:68)
	at cn.com.youtong.apollo.servlet.LoginServlet.perform(LoginServlet.java:218)
	at cn.com.youtong.apollo.servlet.RootServlet.service(RootServlet.java:142)
	at javax.servlet.http.HttpServlet.service(HttpServlet.java:717)
	at org.apache.catalina.core.ApplicationFilterChain.internalDoFilter(ApplicationFilterChain.java:290)
	at org.apache.catalina.core.ApplicationFilterChain.doFilter(ApplicationFilterChain.java:206)
	at org.apache.catalina.core.StandardWrapperValve.invoke(StandardWrapperValve.java:233)
	at org.apache.catalina.core.StandardContextValve.invoke(StandardContextValve.java:191)
	at org.apache.catalina.core.StandardHostValve.invoke(StandardHostValve.java:127)
	at org.apache.catalina.valves.ErrorReportValve.invoke(ErrorReportValve.java:102)
	at org.apache.catalina.core.StandardEngineValve.invoke(StandardEngineValve.java:109)
	at org.apache.catalina.connector.CoyoteAdapter.service(CoyoteAdapter.java:298)
	at org.apache.coyote.http11.Http11AprProcessor.process(Http11AprProcessor.java:864)
	at org.apache.coyote.http11.Http11AprProtocol$Http11ConnectionHandler.process(Http11AprProtocol.java:579)
	at org.apache.tomcat.util.net.AprEndpoint$Worker.run(AprEndpoint.java:1665)
	at java.lang.Thread.run(Thread.java:662)
2014-10-12 10:09:23 ERROR DBUserManager                  - 
net.sf.hibernate.MappingException: Resource: cn/com/youtong/apollo/sms/form/PhoneBookEntity.hbm.xml not found
	at net.sf.hibernate.cfg.Configuration.addResource(Configuration.java:313)
	at net.sf.hibernate.cfg.Configuration.doConfigure(Configuration.java:976)
	at net.sf.hibernate.cfg.Configuration.doConfigure(Configuration.java:928)
	at net.sf.hibernate.cfg.Configuration.configure(Configuration.java:890)
	at cn.com.youtong.apollo.common.sql.HibernateUtil.getSessionFactory(HibernateUtil.java:35)
	at cn.com.youtong.apollo.usermanager.db.DBUserManager.getUserByName(DBUserManager.java:1062)
	at cn.com.youtong.apollo.authentication.db.DBAuthentication.getUser(DBAuthentication.java:96)
	at cn.com.youtong.apollo.authentication.db.DBAuthentication.authenticate(DBAuthentication.java:61)
	at cn.com.youtong.apollo.servlet.LoginServlet.login(LoginServlet.java:68)
	at cn.com.youtong.apollo.servlet.LoginServlet.perform(LoginServlet.java:218)
	at cn.com.youtong.apollo.servlet.RootServlet.service(RootServlet.java:142)
	at javax.servlet.http.HttpServlet.service(HttpServlet.java:717)
	at org.apache.catalina.core.ApplicationFilterChain.internalDoFilter(ApplicationFilterChain.java:290)
	at org.apache.catalina.core.ApplicationFilterChain.doFilter(ApplicationFilterChain.java:206)
	at org.apache.catalina.core.StandardWrapperValve.invoke(StandardWrapperValve.java:233)
	at org.apache.catalina.core.StandardContextValve.invoke(StandardContextValve.java:191)
	at org.apache.catalina.core.StandardHostValve.invoke(StandardHostValve.java:127)
	at org.apache.catalina.valves.ErrorReportValve.invoke(ErrorReportValve.java:102)
	at org.apache.catalina.core.StandardEngineValve.invoke(StandardEngineValve.java:109)
	at org.apache.catalina.connector.CoyoteAdapter.service(CoyoteAdapter.java:298)
	at org.apache.coyote.http11.Http11AprProcessor.process(Http11AprProcessor.java:864)
	at org.apache.coyote.http11.Http11AprProtocol$Http11ConnectionHandler.process(Http11AprProtocol.java:579)
	at org.apache.tomcat.util.net.AprEndpoint$Worker.run(AprEndpoint.java:1665)
	at java.lang.Thread.run(Thread.java:662)
